<?xml version="1.0" encoding="UTF-8"?>
<testng-results ignored="0" total="2" passed="0" failed="2" skipped="0">
  <reporter-output>
  </reporter-output>
  <suite started-at="2023-08-23T16:22:49Z" name="Parallel Test Suite" finished-at="2023-08-23T16:23:10Z" duration-ms="20965">
    <groups>
    </groups>
    <test started-at="2023-08-23T16:22:49Z" name="Test" finished-at="2023-08-23T16:23:10Z" duration-ms="20965">
      <class name="com.inetBanking_V122.TestCases.SearchFunctionaility">
        <test-method is-config="true" signature="setUp(java.lang.String)[pri:0, instance:com.inetBanking_V122.TestCases.SearchFunctionaility@7e4204e2]" started-at="2023-08-23T16:22:50Z" name="setUp" finished-at="2023-08-23T16:23:05Z" duration-ms="15169" status="PASS">
          <params>
            <param index="0">
              <value>
                <![CDATA[firefox]]>
              </value>
            </param>
          </params>
          <reporter-output>
          </reporter-output>
        </test-method> <!-- setUp -->
        <test-method signature="ValidatethatsearchButttonisdisplayedinthehomepage()[pri:0, instance:com.inetBanking_V122.TestCases.SearchFunctionaility@7e4204e2]" started-at="2023-08-23T16:23:05Z" name="ValidatethatsearchButttonisdisplayedinthehomepage" finished-at="2023-08-23T16:23:05Z" duration-ms="4" status="FAIL">
          <exception class="java.lang.NullPointerException">
            <message>
              <![CDATA[Cannot invoke "org.openqa.selenium.SearchContext.findElement(org.openqa.selenium.By)" because "this.searchContext" is null]]>
            </message>
            <full-stacktrace>
              <![CDATA[java.lang.NullPointerException: Cannot invoke "org.openqa.selenium.SearchContext.findElement(org.openqa.selenium.By)" because "this.searchContext" is null
at org.openqa.selenium.support.pagefactory.DefaultElementLocator.findElement(DefaultElementLocator.java:69)
at org.openqa.selenium.support.pagefactory.internal.LocatingElementHandler.invoke(LocatingElementHandler.java:38)
at jdk.proxy2/jdk.proxy2.$Proxy9.isDisplayed(Unknown Source)
at com.inetBanking_V122.PageObjects.SearchPage.searchButtonIsDisplayed(SearchPage.java:56)
at com.inetBanking_V122.TestCases.SearchFunctionaility.ValidatethatsearchButttonisdisplayedinthehomepage(SearchFunctionaility.java:24)
at java.base/jdk.internal.reflect.NativeMethodAccessorImpl.invoke0(Native Method)
at java.base/jdk.internal.reflect.NativeMethodAccessorImpl.invoke(NativeMethodAccessorImpl.java:77)
at java.base/jdk.internal.reflect.DelegatingMethodAccessorImpl.invoke(DelegatingMethodAccessorImpl.java:43)
at java.base/java.lang.reflect.Method.invoke(Method.java:568)
at org.testng.internal.MethodInvocationHelper.invokeMethod(MethodInvocationHelper.java:124)
at org.testng.internal.Invoker.invokeMethod(Invoker.java:583)
at org.testng.internal.Invoker.invokeTestMethod(Invoker.java:719)
at org.testng.internal.Invoker.invokeTestMethods(Invoker.java:989)
at org.testng.internal.TestMethodWorker.invokeTestMethods(TestMethodWorker.java:125)
at org.testng.internal.TestMethodWorker.run(TestMethodWorker.java:109)
at java.base/java.util.concurrent.ThreadPoolExecutor.runWorker(ThreadPoolExecutor.java:1136)
at java.base/java.util.concurrent.ThreadPoolExecutor$Worker.run(ThreadPoolExecutor.java:635)
at java.base/java.lang.Thread.run(Thread.java:833)
]]>
            </full-stacktrace>
          </exception> <!-- java.lang.NullPointerException -->
          <reporter-output>
          </reporter-output>
        </test-method> <!-- ValidatethatsearchButttonisdisplayedinthehomepage -->
        <test-method signature="Validatethatsearchboxisdisplayedinthehomepage()[pri:0, instance:com.inetBanking_V122.TestCases.SearchFunctionaility@7e4204e2]" started-at="2023-08-23T16:23:05Z" name="Validatethatsearchboxisdisplayedinthehomepage" finished-at="2023-08-23T16:23:05Z" duration-ms="7" status="FAIL">
          <exception class="java.lang.NullPointerException">
            <message>
              <![CDATA[Cannot invoke "org.openqa.selenium.SearchContext.findElement(org.openqa.selenium.By)" because "this.searchContext" is null]]>
            </message>
            <full-stacktrace>
              <![CDATA[java.lang.NullPointerException: Cannot invoke "org.openqa.selenium.SearchContext.findElement(org.openqa.selenium.By)" because "this.searchContext" is null
at org.openqa.selenium.support.pagefactory.DefaultElementLocator.findElement(DefaultElementLocator.java:69)
at org.openqa.selenium.support.pagefactory.internal.LocatingElementHandler.invoke(LocatingElementHandler.java:38)
at jdk.proxy2/jdk.proxy2.$Proxy9.isDisplayed(Unknown Source)
at com.inetBanking_V122.PageObjects.SearchPage.searchBoxIsDisplayed(SearchPage.java:51)
at com.inetBanking_V122.TestCases.SearchFunctionaility.Validatethatsearchboxisdisplayedinthehomepage(SearchFunctionaility.java:16)
at java.base/jdk.internal.reflect.NativeMethodAccessorImpl.invoke0(Native Method)
at java.base/jdk.internal.reflect.NativeMethodAccessorImpl.invoke(NativeMethodAccessorImpl.java:77)
at java.base/jdk.internal.reflect.DelegatingMethodAccessorImpl.invoke(DelegatingMethodAccessorImpl.java:43)
at java.base/java.lang.reflect.Method.invoke(Method.java:568)
at org.testng.internal.MethodInvocationHelper.invokeMethod(MethodInvocationHelper.java:124)
at org.testng.internal.Invoker.invokeMethod(Invoker.java:583)
at org.testng.internal.Invoker.invokeTestMethod(Invoker.java:719)
at org.testng.internal.Invoker.invokeTestMethods(Invoker.java:989)
at org.testng.internal.TestMethodWorker.invokeTestMethods(TestMethodWorker.java:125)
at org.testng.internal.TestMethodWorker.run(TestMethodWorker.java:109)
at java.base/java.util.concurrent.ThreadPoolExecutor.runWorker(ThreadPoolExecutor.java:1136)
at java.base/java.util.concurrent.ThreadPoolExecutor$Worker.run(ThreadPoolExecutor.java:635)
at java.base/java.lang.Thread.run(Thread.java:833)
]]>
            </full-stacktrace>
          </exception> <!-- java.lang.NullPointerException -->
          <reporter-output>
          </reporter-output>
        </test-method> <!-- Validatethatsearchboxisdisplayedinthehomepage -->
        <test-method is-config="true" signature="tearDown()[pri:0, instance:com.inetBanking_V122.TestCases.SearchFunctionaility@7e4204e2]" started-at="2023-08-23T16:23:05Z" name="tearDown" finished-at="2023-08-23T16:23:10Z" duration-ms="4827" status="PASS">
          <reporter-output>
          </reporter-output>
        </test-method> <!-- tearDown -->
      </class> <!-- com.inetBanking_V122.TestCases.SearchFunctionaility -->
    </test> <!-- Test -->
  </suite> <!-- Parallel Test Suite -->
</testng-results>
