<?xml version="1.0" encoding="UTF-8"?>
<!-- Generated by org.testng.reporters.JUnitXMLReporter -->
<testsuite ignored="0" hostname="DESKTOP-EIN1GKN" failures="1" tests="1" name="Test" time="54.212" errors="0" timestamp="26 Aug 2023 19:24:14 GMT">
  <testcase classname="com.inetBanking_V122.TestCases.SearchFunctionaility" name="Validatethatwhenproductareaddedtothecartpricefieldisupdated" time="45.064">
    <failure type="java.lang.AssertionError" message="expected:&amp;lt;830&amp;gt; but was:&amp;lt;123&amp;gt;">
      <![CDATA[java.lang.AssertionError: expected:<830> but was:<123>
at org.junit.Assert.fail(Assert.java:88)
at org.junit.Assert.failNotEquals(Assert.java:743)
at org.junit.Assert.assertEquals(Assert.java:118)
at org.junit.Assert.assertEquals(Assert.java:555)
at org.junit.Assert.assertEquals(Assert.java:542)
at com.inetBanking_V122.TestCases.SearchFunctionaility.Validatethatwhenproductareaddedtothecartpricefieldisupdated(SearchFunctionaility.java:127)
... Removed 29 stack frames]]>
    </failure>
  </testcase> <!-- Validatethatwhenproductareaddedtothecartpricefieldisupdated -->
</testsuite> <!-- Test -->
